[debug] [2024-09-21T08:38:21.008Z] ----------------------------------------------------------------------
[debug] [2024-09-21T08:38:21.013Z] Command:       C:\Program Files\nodejs\node.exe C:\Users\HP\AppData\Roaming\npm\node_modules\firebase-tools\lib\bin\firebase.js init
[debug] [2024-09-21T08:38:21.013Z] CLI Version:   13.18.0
[debug] [2024-09-21T08:38:21.014Z] Platform:      win32
[debug] [2024-09-21T08:38:21.014Z] Node Version:  v20.9.0
[debug] [2024-09-21T08:38:21.014Z] Time:          Sat Sep 21 2024 14:08:21 GMT+0530 (India Standard Time)
[debug] [2024-09-21T08:38:21.014Z] ----------------------------------------------------------------------
[debug] 
[debug] [2024-09-21T08:38:21.023Z] > command requires scopes: ["email","openid","https://www.googleapis.com/auth/cloudplatformprojects.readonly","https://www.googleapis.com/auth/firebase","https://www.googleapis.com/auth/cloud-platform"]
[debug] [2024-09-21T08:38:21.024Z] > authorizing via signed-in user (sadulaprasanthreddy@gmail.com)
[info] 
     ######## #### ########  ######## ########     ###     ######  ########
     ##        ##  ##     ## ##       ##     ##  ##   ##  ##       ##
     ######    ##  ########  ######   ########  #########  ######  ######
     ##        ##  ##    ##  ##       ##     ## ##     ##       ## ##
     ##       #### ##     ## ######## ########  ##     ##  ######  ########

You're about to initialize a Firebase project in this directory:

  C:\Users\HP\Desktop\my-mini-project

[info] 
=== Project Setup
[info] 
[info] First, let's associate this project directory with a Firebase project.
[info] You can create multiple project aliases by running firebase use --add, 
[info] but for now we'll just set up a default project.
[info] 
[debug] [2024-09-21T08:39:46.513Z] > refreshing access token with scopes: []
[debug] [2024-09-21T08:39:46.516Z] >>> [apiv2][query] POST https://www.googleapis.com/oauth2/v3/token [none]
[debug] [2024-09-21T08:39:46.516Z] >>> [apiv2][body] POST https://www.googleapis.com/oauth2/v3/token [omitted]
[debug] [2024-09-21T08:39:46.867Z] <<< [apiv2][status] POST https://www.googleapis.com/oauth2/v3/token 400
[debug] [2024-09-21T08:39:46.867Z] <<< [apiv2][body] POST https://www.googleapis.com/oauth2/v3/token [omitted]
[debug] [2024-09-21T08:39:46.868Z] >>> [apiv2][query] GET https://firebase.googleapis.com/v1beta1/projects pageSize=100
[debug] [2024-09-21T08:39:47.213Z] <<< [apiv2][status] GET https://firebase.googleapis.com/v1beta1/projects 401
[debug] [2024-09-21T08:39:47.213Z] <<< [apiv2][body] GET https://firebase.googleapis.com/v1beta1/projects [omitted]
[debug] [2024-09-21T08:39:47.214Z] HTTP Error: 401, Request had invalid authentication credentials. Expected OAuth 2 access token, login cookie or other valid authentication credential. See https://developers.google.com/identity/sign-in/web/devconsole-project.
[debug] [2024-09-21T08:39:47.521Z] FirebaseError: HTTP Error: 401, Request had invalid authentication credentials. Expected OAuth 2 access token, login cookie or other valid authentication credential. See https://developers.google.com/identity/sign-in/web/devconsole-project.
    at responseToError (C:\Users\HP\AppData\Roaming\npm\node_modules\firebase-tools\lib\responseToError.js:49:12)
    at RetryOperation._fn (C:\Users\HP\AppData\Roaming\npm\node_modules\firebase-tools\lib\apiv2.js:305:77)
    at process.processTicksAndRejections (node:internal/process/task_queues:95:5)
[error] 
[error] Error: Failed to list Firebase projects. See firebase-debug.log for more info.
[debug] [2024-09-21T08:39:56.177Z] ----------------------------------------------------------------------
[debug] [2024-09-21T08:39:56.181Z] Command:       C:\Program Files\nodejs\node.exe C:\Users\HP\AppData\Roaming\npm\node_modules\firebase-tools\lib\bin\firebase.js init
[debug] [2024-09-21T08:39:56.181Z] CLI Version:   13.18.0
[debug] [2024-09-21T08:39:56.182Z] Platform:      win32
[debug] [2024-09-21T08:39:56.182Z] Node Version:  v20.9.0
[debug] [2024-09-21T08:39:56.182Z] Time:          Sat Sep 21 2024 14:09:56 GMT+0530 (India Standard Time)
[debug] [2024-09-21T08:39:56.182Z] ----------------------------------------------------------------------
[debug] 
[debug] [2024-09-21T08:39:56.190Z] > command requires scopes: ["email","openid","https://www.googleapis.com/auth/cloudplatformprojects.readonly","https://www.googleapis.com/auth/firebase","https://www.googleapis.com/auth/cloud-platform"]
[debug] [2024-09-21T08:39:56.190Z] > authorizing via signed-in user (sadulaprasanthreddy@gmail.com)
[info] 
     ######## #### ########  ######## ########     ###     ######  ########
     ##        ##  ##     ## ##       ##     ##  ##   ##  ##       ##
     ######    ##  ########  ######   ########  #########  ######  ######
     ##        ##  ##    ##  ##       ##     ## ##     ##       ## ##
     ##       #### ##     ## ######## ########  ##     ##  ######  ########

You're about to initialize a Firebase project in this directory:

  C:\Users\HP\Desktop\my-mini-project

[info] 
=== Project Setup
[info] 
[info] First, let's associate this project directory with a Firebase project.
[info] You can create multiple project aliases by running firebase use --add, 
[info] but for now we'll just set up a default project.
[info] 
[info] i  If you want to create a project in a Google Cloud organization or folder, please use "firebase projects:create" instead, and return to this command when you've created the project. 
